The output directory is 1AMM_epsilon_0.8368_res_0.28_dr_0.1
pH: 7.1
epsilon_c: 0.8368
Temperatures: 293
Coordinates files: 1AMM_epsilon_0.8368_res_0.28_dr_0.1/1AMM

=== Generating topology files ===
  Running topology for pdb = 1AMM at T = 293 вҶ’ 1AMM_epsilon_0.8368_res_0.28_dr_0.1/topologies/topology_1AMM_T293.yaml
SASA ratio for each amino acid taken as 1
Topology generation complete.

=== Running duello scan ===
  duello scan for T = 293 вҶ’ 1AMM_epsilon_0.8368_res_0.28_dr_0.1/scans/scan_T293.dat
вЎҮв Ҳв Җв Ғв Ҳв Җв Ғв Ҳв Җв Ғв Ҳв Җв Ғв Ҳв Җв Ғв Ҳв Җв Ғв Ҳв Җв Ғв Ҳв Җв Ғв Ҳв Җв Ғв Ҳв Җв Ғв Ҳв Җв Ғв Ҳв Җв Ғв Ҳв Җв Ғв Ҳв Җв Ғв Ҳв Җв Ғв Ҳв Җв Ғв ҲвЎҒ 333.4
вЎҮв Җв Җв Җв Җв Җв Җв Җв Җв Җв Җв Җв Җв Җв Җв Җв Җв Җв Җв Җв Җв Җв Җв Җв Җв Җв Җв Җв Җв Җв Җв Җв Җв Җв Җв Җв Җв Җв Җв Җв Җв Җв Җв Җв Җв Җв Җв Җв Җв Җв „
вЎҮв Җв Җв Җв Җв Җв Җв Җв Җв Җв Җв Җв Җв Җв Җв Җв Җв Җв Җв Җв Җв Җв Җв Җв Җв Җв Җв Җв Җв Җв Җв Җв Җв Җв Җв Җв Җв Җв Җв Җв Җв Җв Җв Җв Җв Җв Җв Җв Җв Җв Ӯ
вЎҮв Җв Җв Җв Җв Җв Җв Җв Җв Җв Җв Җв Җв Җв Җв Җв Җв Җв Җв Җв Җв Җв Җв Җв Җв Җв Җв Җв Җв Җв Җв Җв Җв Җв Җв Җв Җв Җв Җв Җв Җв Җв Җв Җв Җв Җв Җв Җв Җв ҖвЎҒ
вЎҮв Җв Җв Җв Җв Җв Җв Җв Җв Җв Җв Җв Җв Җв Җв Җв Җв Җв Җв Җв Җв Җв Җв Җв Җв Җв Җв Җв Җв Җв Җв Җв Җв Җв Җв Җв Җв Җв Җв Җв Җв Җв Җв Җв Җв Җв Җв Җв Җв Җв „
вў·в Җв Җв Җв Җв Җв Җв Җв Җв Җв Җв Җв Җв Җв Җв Җв Җв Җв Җв Җв Җв Җв Җв Җв Җв Җв Җв Җв Җв Җв Җв Җв Җв Җв Җв Җв Җв Җв Җв Җв Җв Җв Җв Җв Җв Җв Җв Җв Җв Җв Ӯ
вЈ№в Җв Җв Җв Җв Җв Җв Җв Җв Җв Җв Җв Җв Җв Җв Җв Җв Җв Җв Җв Җв Җв Җв Җв Җв Җв Җв Җв Җв Җв Җв Җв Җв Җв Җв Җв Җв Җв Җв Җв Җв Җв Җв Җв Җв Җв Җв Җв Җв ҖвЎҒ
вўјв Җв Җв Җв Җв Җв Җв Җв Җв Җв Җв Җв Җв Җв Җв Җв Җв Җв Җв Җв Җв Җв Җв Җв Җв Җв Җв Җв Җв Җв Җв Җв Җв Җв Җв Җв Җв Җв Җв Җв Җв Җв Җв Җв Җв Җв Җв Җв Җв Җв „
вўәв Җв Җв Җв Җв Җв Җв Җв Җв Җв Җв Җв Җв Җв Җв Җв Җв Җв Җв Җв Җв Җв Җв Җв Җв Җв Җв Җв Җв Җв Җв Җв Җв Җв Җв Җв Җв Җв Җв Җв Җв Җв Җв Җв Җв Җв Җв Җв Җв Җв Ӯ
вЈ№вЎҖв Җв Җв Җв Җв Җв Җв Җв Җв Җв Җв Җв Җв Җв Җв Җв Җв Җв Җв Җв Җв Җв Җв Җв Җв Җв Җв Җв Җв Җв Җв Җв Җв Җв Җв Җв Җв Җв Җв Җв Җв Җв Җв Җв Җв Җв Җв Җв ҖвЎҒ
в ҢвЎҮв Җв Җв Җв Җв Җв Җв Җв Җв Җв Җв Җв Җв Җв Җв Җв Җв Җв Җв Җв Җв Җв Җв Җв Җв Җв Җв Җв Җв Җв Җв Җв Җв Җв Җв Җв Җв Җв Җв Җв Җв Җв Җв Җв Җв Җв Җв Җв Җв „
в ӮвЈ·вЎҖв Җв Җв Җв Җв Җв Җв Җв Җв Җв Җв Җв Җв Җв Җв Җв Җв Җв Җв Җв Җв Җв Җв Җв Җв Җв Җв Җв Җв Җв Җв Җв Җв Җв Җв Җв Җв Җв Җв Җв Җв Җв Җв Җв Җв Җв Җв Җв Ӯ
в Үв ёв Ҝв Ҝв ·в ¶в –в Ів ’в –в Ів ’в –в Ів ’в –в Ів ’в –в Ів ’в ҹв »в ӣв Ҹв №в үв Ҹв №в үв Ҹв №в үв Ҹв №в үв Ҹв №в үв Ҹв №в үв Ҹв №в үв Ҹв №в үв Ҹв №в Ғ -10.8
23.0                                          79.9

Duello scans complete.

=== Plotting results ===
B2_HS = 12214.512237157114
Files to be processed:
['scan_T293.dat']
Procesing file:  scan_T293.dat
Plots generated in: 1AMM_epsilon_0.8368_res_0.28_dr_0.1/plots

=== Done! ===
